<?xml version="1.0" encoding="UTF-8"?>
<!-- Generated by org.testng.reporters.JUnitXMLReporter -->
<testsuite ignored="1" hostname="Apples-MBP.stockach.eto.int" failures="0" tests="20" name="Default test" time="542.33" errors="0" timestamp="2024-09-26T16:49:49 IST">
  <testcase classname="EtoGruppe.Android.TestCasesAndroid" name="AMyProfileAssertion" time="15.976"/>
  <testcase classname="EtoGruppe.Android.TestCasesAndroid" name="MyProfilePersonalInformation" time="22.634"/>
  <testcase classname="EtoGruppe.Android.TestCasesAndroid" name="MyProfileCompanyInformation" time="4.834"/>
  <testcase classname="EtoGruppe.Android.TestCasesAndroid" name="MyProfileFamilyDetails" time="22.768"/>
  <testcase classname="EtoGruppe.Android.TestCasesAndroid" name="MyProfileQualificationDetails" time="24.296"/>
  <testcase classname="EtoGruppe.Android.TestCasesAndroid" name="MyProfileExperienceDetails" time="24.483"/>
  <testcase classname="EtoGruppe.Android.TestCasesAndroid" name="MyProfileContactInformation" time="21.16"/>
  <testcase classname="EtoGruppe.Android.TestCasesAndroid" name="MyProfileEmergencyContact" time="12.069"/>
  <testcase classname="EtoGruppe.Android.TestCasesAndroid" name="MatrixChat" time="56.315"/>
  <testcase classname="EtoGruppe.Android.TestCasesAndroid" name="HomePage" time="20.309"/>
  <testcase classname="EtoGruppe.Android.TestCasesAndroid" name="MenuButtonAssertion" time="7.593"/>
  <testcase classname="EtoGruppe.Android.TestCasesAndroid" name="Addressbook" time="9.706"/>
  <testcase classname="EtoGruppe.Android.TestCasesAndroid" name="MyTeams" time="9.62"/>
  <testcase classname="EtoGruppe.Android.TestCasesAndroid" name="MyBranch" time="4.868"/>
  <testcase classname="EtoGruppe.Android.TestCasesAndroid" name="LocationSpecific" time="3.759"/>
  <testcase classname="EtoGruppe.Android.TestCasesAndroid" name="Faq" time="4.27"/>
  <testcase classname="EtoGruppe.Android.TestCasesAndroid" name="EtoLocations" time="23.96"/>
  <testcase classname="EtoGruppe.Android.TestCasesAndroid" name="CompanyCalendar" time="4.017"/>
  <testcase classname="EtoGruppe.Android.TestCasesAndroid" name="SettingsAssertions" time="4.031"/>
  <testcase classname="EtoGruppe.Android.TestCasesAndroid" name="SocialWallPostCreation" time="6.977"/>
  <testcase classname="EtoGruppe.Android.TestCasesAndroid" name="LoginPageAndroid" time="0.0">
    <ignored/>
  </testcase> <!-- LoginPageAndroid -->
</testsuite> <!-- Default test -->
