<?xml version="1.0" encoding="UTF-8"?>
<!-- Generated by org.testng.reporters.JUnitReportReporter -->
<testsuite hostname="LAPTOP-FLUHHNAT" failures="0" tests="3" name="app.test.MyProfileCompanyInfo" time="28.590" errors="0" timestamp="2023-06-28T12:07:39 IST" skipped="0">
  <testcase classname="app.test.MyProfileCompanyInfo" name="MenuButtonAssertionTest" time="5.405"/>
  <system-out/>
  <testcase classname="app.test.MyProfileCompanyInfo" name="MyProfilePersonalInfoTest" time="21.147"/>
  <system-out/>
  <testcase classname="app.test.MyProfileCompanyInfo" name="MyProfileCompanyInfoTest" time="2.038"/>
  <system-out/>
</testsuite> <!-- app.test.MyProfileCompanyInfo -->
