<?xml version="1.0" encoding="UTF-8"?>
<!-- Generated by org.testng.reporters.JUnitReportReporter -->
<testsuite hostname="Apples-MBP.stockach.eto.int" failures="0" tests="21" name="EtoGruppe.Android.TestCasesAndroid" time="505.443" errors="0" timestamp="2024-09-26T16:49:49 IST" skipped="1">
  <testcase classname="EtoGruppe.Android.TestCasesAndroid" name="AMyProfileAssertion" time="26.206"/>
  <testcase classname="EtoGruppe.Android.TestCasesAndroid" name="MyProfilePersonalInformation" time="31.917"/>
  <testcase classname="EtoGruppe.Android.TestCasesAndroid" name="MyProfileCompanyInformation" time="14.060"/>
  <testcase classname="EtoGruppe.Android.TestCasesAndroid" name="MyProfileFamilyDetails" time="32.818"/>
  <testcase classname="EtoGruppe.Android.TestCasesAndroid" name="MyProfileQualificationDetails" time="34.478"/>
  <testcase classname="EtoGruppe.Android.TestCasesAndroid" name="MyProfileExperienceDetails" time="33.467"/>
  <testcase classname="EtoGruppe.Android.TestCasesAndroid" name="MyProfileContactInformation" time="28.775"/>
  <testcase classname="EtoGruppe.Android.TestCasesAndroid" name="MyProfileEmergencyContact" time="21.799"/>
  <testcase classname="EtoGruppe.Android.TestCasesAndroid" name="MatrixChat" time="65.361"/>
  <testcase classname="EtoGruppe.Android.TestCasesAndroid" name="HomePage" time="29.485"/>
  <testcase classname="EtoGruppe.Android.TestCasesAndroid" name="MenuButtonAssertion" time="15.061"/>
  <testcase classname="EtoGruppe.Android.TestCasesAndroid" name="Addressbook" time="19.021"/>
  <testcase classname="EtoGruppe.Android.TestCasesAndroid" name="MyTeams" time="19.960"/>
  <testcase classname="EtoGruppe.Android.TestCasesAndroid" name="MyBranch" time="13.905"/>
  <testcase classname="EtoGruppe.Android.TestCasesAndroid" name="LocationSpecific" time="12.478"/>
  <testcase classname="EtoGruppe.Android.TestCasesAndroid" name="Faq" time="13.959"/>
  <testcase classname="EtoGruppe.Android.TestCasesAndroid" name="EtoLocations" time="33.217"/>
  <testcase classname="EtoGruppe.Android.TestCasesAndroid" name="CompanyCalendar" time="12.808"/>
  <testcase classname="EtoGruppe.Android.TestCasesAndroid" name="SettingsAssertions" time="14.170"/>
  <testcase classname="EtoGruppe.Android.TestCasesAndroid" name="SocialWallPostCreation" time="32.498"/>
  <testcase classname="EtoGruppe.Android.TestCasesAndroid" name="LoginPageAndroid">
    <skipped/>
  </testcase> <!-- LoginPageAndroid -->
</testsuite> <!-- EtoGruppe.Android.TestCasesAndroid -->
