<?xml version="1.0" encoding="UTF-8"?>
<!-- Generated by org.testng.reporters.JUnitReportReporter -->
<testsuite hostname="LAPTOP-FLUHHNAT" failures="0" tests="2" name="app.test.MyProfilePersonalInfo" time="26.802" errors="0" timestamp="2023-06-20T14:40:50 IST" skipped="0">
  <testcase classname="app.test.MyProfilePersonalInfo" name="MyProfilePersonalInfoTest" time="20.997"/>
  <system-out/>
  <testcase classname="app.test.MyProfilePersonalInfo" name="MenuButtonAssertionTest" time="5.805"/>
  <system-out/>
</testsuite> <!-- app.test.MyProfilePersonalInfo -->
